2026-04-22 14:36:28,726 ERROR Test DB: Database Alert! D:\Downloads\PyProjects\Module_D_Project\EndNewsPaper\news_portal\views.py
2026-04-25 13:59:03,708 ERROR Internal Server Error: /news/search/ D:\Downloads\PyProjects\Module_D_Project\venv\lib\site-packages\django\utils\log.py
Traceback (most recent call last):
  File "D:\Downloads\PyProjects\Module_D_Project\venv\lib\site-packages\django\template\base.py", line 511, in parse
    compile_func = self.tags[command]
KeyError: 'trans'

During handling of the above exception, another exception occurred:

Traceback (most recent call last):
  File "D:\Downloads\PyProjects\Module_D_Project\venv\lib\site-packages\django\core\handlers\exception.py", line 55, in inner
    response = get_response(request)
  File "D:\Downloads\PyProjects\Module_D_Project\venv\lib\site-packages\django\core\handlers\base.py", line 220, in _get_response
    response = response.render()
  File "D:\Downloads\PyProjects\Module_D_Project\venv\lib\site-packages\django\template\response.py", line 114, in render
    self.content = self.rendered_content
  File "D:\Downloads\PyProjects\Module_D_Project\venv\lib\site-packages\django\template\response.py", line 90, in rendered_content
    template = self.resolve_template(self.template_name)
  File "D:\Downloads\PyProjects\Module_D_Project\venv\lib\site-packages\django\template\response.py", line 72, in resolve_template
    return select_template(template, using=self.using)
  File "D:\Downloads\PyProjects\Module_D_Project\venv\lib\site-packages\django\template\loader.py", line 42, in select_template
    return engine.get_template(template_name)
  File "D:\Downloads\PyProjects\Module_D_Project\venv\lib\site-packages\django\template\backends\django.py", line 79, in get_template
    return Template(self.engine.get_template(template_name), self)
  File "D:\Downloads\PyProjects\Module_D_Project\venv\lib\site-packages\django\template\engine.py", line 177, in get_template
    template, origin = self.find_template(template_name)
  File "D:\Downloads\PyProjects\Module_D_Project\venv\lib\site-packages\django\template\engine.py", line 159, in find_template
    template = loader.get_template(name, skip=skip)
  File "D:\Downloads\PyProjects\Module_D_Project\venv\lib\site-packages\django\template\loaders\cached.py", line 57, in get_template
    template = super().get_template(template_name, skip)
  File "D:\Downloads\PyProjects\Module_D_Project\venv\lib\site-packages\django\template\loaders\base.py", line 28, in get_template
    return Template(
  File "D:\Downloads\PyProjects\Module_D_Project\venv\lib\site-packages\django\template\base.py", line 155, in __init__
    self.nodelist = self.compile_nodelist()
  File "D:\Downloads\PyProjects\Module_D_Project\venv\lib\site-packages\django\template\base.py", line 197, in compile_nodelist
    nodelist = parser.parse()
  File "D:\Downloads\PyProjects\Module_D_Project\venv\lib\site-packages\django\template\base.py", line 519, in parse
    raise self.error(token, e)
  File "D:\Downloads\PyProjects\Module_D_Project\venv\lib\site-packages\django\template\base.py", line 517, in parse
    compiled_result = compile_func(self, token)
  File "D:\Downloads\PyProjects\Module_D_Project\venv\lib\site-packages\django\template\loader_tags.py", line 299, in do_extends
    nodelist = parser.parse()
  File "D:\Downloads\PyProjects\Module_D_Project\venv\lib\site-packages\django\template\base.py", line 519, in parse
    raise self.error(token, e)
  File "D:\Downloads\PyProjects\Module_D_Project\venv\lib\site-packages\django\template\base.py", line 517, in parse
    compiled_result = compile_func(self, token)
  File "D:\Downloads\PyProjects\Module_D_Project\venv\lib\site-packages\django\template\loader_tags.py", line 234, in do_block
    nodelist = parser.parse(("endblock",))
  File "D:\Downloads\PyProjects\Module_D_Project\venv\lib\site-packages\django\template\base.py", line 513, in parse
    self.invalid_block_tag(token, command, parse_until)
  File "D:\Downloads\PyProjects\Module_D_Project\venv\lib\site-packages\django\template\base.py", line 568, in invalid_block_tag
    raise self.error(
django.template.exceptions.TemplateSyntaxError: Invalid block tag on line 8: 'trans', expected 'endblock'. Did you forget to register or load this tag?
2026-04-25 13:59:03,711 ERROR "GET /news/search/ HTTP/1.1" 500 175762 D:\Downloads\PyProjects\Module_D_Project\venv\lib\site-packages\django\core\servers\basehttp.py
2026-04-25 13:59:05,909 ERROR Internal Server Error: /news/search/ D:\Downloads\PyProjects\Module_D_Project\venv\lib\site-packages\django\utils\log.py
Traceback (most recent call last):
  File "D:\Downloads\PyProjects\Module_D_Project\venv\lib\site-packages\django\template\base.py", line 511, in parse
    compile_func = self.tags[command]
KeyError: 'trans'

During handling of the above exception, another exception occurred:

Traceback (most recent call last):
  File "D:\Downloads\PyProjects\Module_D_Project\venv\lib\site-packages\django\core\handlers\exception.py", line 55, in inner
    response = get_response(request)
  File "D:\Downloads\PyProjects\Module_D_Project\venv\lib\site-packages\django\core\handlers\base.py", line 220, in _get_response
    response = response.render()
  File "D:\Downloads\PyProjects\Module_D_Project\venv\lib\site-packages\django\template\response.py", line 114, in render
    self.content = self.rendered_content
  File "D:\Downloads\PyProjects\Module_D_Project\venv\lib\site-packages\django\template\response.py", line 90, in rendered_content
    template = self.resolve_template(self.template_name)
  File "D:\Downloads\PyProjects\Module_D_Project\venv\lib\site-packages\django\template\response.py", line 72, in resolve_template
    return select_template(template, using=self.using)
  File "D:\Downloads\PyProjects\Module_D_Project\venv\lib\site-packages\django\template\loader.py", line 42, in select_template
    return engine.get_template(template_name)
  File "D:\Downloads\PyProjects\Module_D_Project\venv\lib\site-packages\django\template\backends\django.py", line 79, in get_template
    return Template(self.engine.get_template(template_name), self)
  File "D:\Downloads\PyProjects\Module_D_Project\venv\lib\site-packages\django\template\engine.py", line 177, in get_template
    template, origin = self.find_template(template_name)
  File "D:\Downloads\PyProjects\Module_D_Project\venv\lib\site-packages\django\template\engine.py", line 159, in find_template
    template = loader.get_template(name, skip=skip)
  File "D:\Downloads\PyProjects\Module_D_Project\venv\lib\site-packages\django\template\loaders\cached.py", line 57, in get_template
    template = super().get_template(template_name, skip)
  File "D:\Downloads\PyProjects\Module_D_Project\venv\lib\site-packages\django\template\loaders\base.py", line 28, in get_template
    return Template(
  File "D:\Downloads\PyProjects\Module_D_Project\venv\lib\site-packages\django\template\base.py", line 155, in __init__
    self.nodelist = self.compile_nodelist()
  File "D:\Downloads\PyProjects\Module_D_Project\venv\lib\site-packages\django\template\base.py", line 197, in compile_nodelist
    nodelist = parser.parse()
  File "D:\Downloads\PyProjects\Module_D_Project\venv\lib\site-packages\django\template\base.py", line 519, in parse
    raise self.error(token, e)
  File "D:\Downloads\PyProjects\Module_D_Project\venv\lib\site-packages\django\template\base.py", line 517, in parse
    compiled_result = compile_func(self, token)
  File "D:\Downloads\PyProjects\Module_D_Project\venv\lib\site-packages\django\template\loader_tags.py", line 299, in do_extends
    nodelist = parser.parse()
  File "D:\Downloads\PyProjects\Module_D_Project\venv\lib\site-packages\django\template\base.py", line 519, in parse
    raise self.error(token, e)
  File "D:\Downloads\PyProjects\Module_D_Project\venv\lib\site-packages\django\template\base.py", line 517, in parse
    compiled_result = compile_func(self, token)
  File "D:\Downloads\PyProjects\Module_D_Project\venv\lib\site-packages\django\template\loader_tags.py", line 234, in do_block
    nodelist = parser.parse(("endblock",))
  File "D:\Downloads\PyProjects\Module_D_Project\venv\lib\site-packages\django\template\base.py", line 513, in parse
    self.invalid_block_tag(token, command, parse_until)
  File "D:\Downloads\PyProjects\Module_D_Project\venv\lib\site-packages\django\template\base.py", line 568, in invalid_block_tag
    raise self.error(
django.template.exceptions.TemplateSyntaxError: Invalid block tag on line 8: 'trans', expected 'endblock'. Did you forget to register or load this tag?
2026-04-25 13:59:05,910 ERROR "GET /news/search/ HTTP/1.1" 500 175762 D:\Downloads\PyProjects\Module_D_Project\venv\lib\site-packages\django\core\servers\basehttp.py
2026-04-25 14:21:53,922 ERROR Internal Server Error: /news/articles/103/delete/ D:\Downloads\PyProjects\Module_D_Project\venv\lib\site-packages\django\utils\log.py
Traceback (most recent call last):
  File "D:\Downloads\PyProjects\Module_D_Project\venv\lib\site-packages\django\core\handlers\exception.py", line 55, in inner
    response = get_response(request)
  File "D:\Downloads\PyProjects\Module_D_Project\venv\lib\site-packages\django\core\handlers\base.py", line 220, in _get_response
    response = response.render()
  File "D:\Downloads\PyProjects\Module_D_Project\venv\lib\site-packages\django\template\response.py", line 114, in render
    self.content = self.rendered_content
  File "D:\Downloads\PyProjects\Module_D_Project\venv\lib\site-packages\django\template\response.py", line 90, in rendered_content
    template = self.resolve_template(self.template_name)
  File "D:\Downloads\PyProjects\Module_D_Project\venv\lib\site-packages\django\template\response.py", line 72, in resolve_template
    return select_template(template, using=self.using)
  File "D:\Downloads\PyProjects\Module_D_Project\venv\lib\site-packages\django\template\loader.py", line 42, in select_template
    return engine.get_template(template_name)
  File "D:\Downloads\PyProjects\Module_D_Project\venv\lib\site-packages\django\template\backends\django.py", line 79, in get_template
    return Template(self.engine.get_template(template_name), self)
  File "D:\Downloads\PyProjects\Module_D_Project\venv\lib\site-packages\django\template\engine.py", line 177, in get_template
    template, origin = self.find_template(template_name)
  File "D:\Downloads\PyProjects\Module_D_Project\venv\lib\site-packages\django\template\engine.py", line 159, in find_template
    template = loader.get_template(name, skip=skip)
  File "D:\Downloads\PyProjects\Module_D_Project\venv\lib\site-packages\django\template\loaders\cached.py", line 57, in get_template
    template = super().get_template(template_name, skip)
  File "D:\Downloads\PyProjects\Module_D_Project\venv\lib\site-packages\django\template\loaders\base.py", line 28, in get_template
    return Template(
  File "D:\Downloads\PyProjects\Module_D_Project\venv\lib\site-packages\django\template\base.py", line 155, in __init__
    self.nodelist = self.compile_nodelist()
  File "D:\Downloads\PyProjects\Module_D_Project\venv\lib\site-packages\django\template\base.py", line 197, in compile_nodelist
    nodelist = parser.parse()
  File "D:\Downloads\PyProjects\Module_D_Project\venv\lib\site-packages\django\template\base.py", line 519, in parse
    raise self.error(token, e)
  File "D:\Downloads\PyProjects\Module_D_Project\venv\lib\site-packages\django\template\base.py", line 517, in parse
    compiled_result = compile_func(self, token)
  File "D:\Downloads\PyProjects\Module_D_Project\venv\lib\site-packages\django\template\loader_tags.py", line 299, in do_extends
    nodelist = parser.parse()
  File "D:\Downloads\PyProjects\Module_D_Project\venv\lib\site-packages\django\template\base.py", line 519, in parse
    raise self.error(token, e)
  File "D:\Downloads\PyProjects\Module_D_Project\venv\lib\site-packages\django\template\base.py", line 517, in parse
    compiled_result = compile_func(self, token)
  File "D:\Downloads\PyProjects\Module_D_Project\venv\lib\site-packages\django\template\loader_tags.py", line 234, in do_block
    nodelist = parser.parse(("endblock",))
  File "D:\Downloads\PyProjects\Module_D_Project\venv\lib\site-packages\django\template\base.py", line 519, in parse
    raise self.error(token, e)
  File "D:\Downloads\PyProjects\Module_D_Project\venv\lib\site-packages\django\template\base.py", line 517, in parse
    compiled_result = compile_func(self, token)
  File "D:\Downloads\PyProjects\Module_D_Project\venv\lib\site-packages\django\templatetags\i18n.py", line 403, in do_translate
    message_string = parser.compile_filter(bits[1])
  File "D:\Downloads\PyProjects\Module_D_Project\venv\lib\site-packages\django\template\base.py", line 610, in compile_filter
    return FilterExpression(token, self)
  File "D:\Downloads\PyProjects\Module_D_Project\venv\lib\site-packages\django\template\base.py", line 711, in __init__
    raise TemplateSyntaxError(
django.template.exceptions.TemplateSyntaxError: Could not parse the remainder: '{{' from '"Delete "{{'
2026-04-25 14:21:53,925 ERROR "GET /news/articles/103/delete/ HTTP/1.1" 500 189973 D:\Downloads\PyProjects\Module_D_Project\venv\lib\site-packages\django\core\servers\basehttp.py
2026-04-25 15:41:27,261 ERROR Internal Server Error: /news/ D:\Downloads\PyProjects\Module_D_Project\venv\lib\site-packages\django\utils\log.py
Traceback (most recent call last):
  File "D:\Downloads\PyProjects\Module_D_Project\venv\lib\site-packages\django\core\handlers\exception.py", line 55, in inner
    response = get_response(request)
  File "D:\Downloads\PyProjects\Module_D_Project\venv\lib\site-packages\django\core\handlers\base.py", line 220, in _get_response
    response = response.render()
  File "D:\Downloads\PyProjects\Module_D_Project\venv\lib\site-packages\django\template\response.py", line 114, in render
    self.content = self.rendered_content
  File "D:\Downloads\PyProjects\Module_D_Project\venv\lib\site-packages\django\template\response.py", line 92, in rendered_content
    return template.render(context, self._request)
  File "D:\Downloads\PyProjects\Module_D_Project\venv\lib\site-packages\django\template\backends\django.py", line 107, in render
    return self.template.render(context)
  File "D:\Downloads\PyProjects\Module_D_Project\venv\lib\site-packages\django\template\base.py", line 172, in render
    return self._render(context)
  File "D:\Downloads\PyProjects\Module_D_Project\venv\lib\site-packages\django\template\base.py", line 164, in _render
    return self.nodelist.render(context)
  File "D:\Downloads\PyProjects\Module_D_Project\venv\lib\site-packages\django\template\base.py", line 1018, in render
    return SafeString("".join([node.render_annotated(context) for node in self]))
  File "D:\Downloads\PyProjects\Module_D_Project\venv\lib\site-packages\django\template\base.py", line 1018, in <listcomp>
    return SafeString("".join([node.render_annotated(context) for node in self]))
  File "D:\Downloads\PyProjects\Module_D_Project\venv\lib\site-packages\django\template\base.py", line 979, in render_annotated
    return self.render(context)
  File "D:\Downloads\PyProjects\Module_D_Project\venv\lib\site-packages\django\template\loader_tags.py", line 159, in render
    return compiled_parent._render(context)
  File "D:\Downloads\PyProjects\Module_D_Project\venv\lib\site-packages\django\template\base.py", line 164, in _render
    return self.nodelist.render(context)
  File "D:\Downloads\PyProjects\Module_D_Project\venv\lib\site-packages\django\template\base.py", line 1018, in render
    return SafeString("".join([node.render_annotated(context) for node in self]))
  File "D:\Downloads\PyProjects\Module_D_Project\venv\lib\site-packages\django\template\base.py", line 1018, in <listcomp>
    return SafeString("".join([node.render_annotated(context) for node in self]))
  File "D:\Downloads\PyProjects\Module_D_Project\venv\lib\site-packages\django\template\base.py", line 979, in render_annotated
    return self.render(context)
  File "D:\Downloads\PyProjects\Module_D_Project\venv\lib\site-packages\django\template\defaulttags.py", line 480, in render
    url = reverse(view_name, args=args, kwargs=kwargs, current_app=current_app)
  File "D:\Downloads\PyProjects\Module_D_Project\venv\lib\site-packages\django\urls\base.py", line 98, in reverse
    resolved_url = resolver._reverse_with_prefix(view, prefix, *args, **kwargs)
  File "D:\Downloads\PyProjects\Module_D_Project\venv\lib\site-packages\django\urls\resolvers.py", line 831, in _reverse_with_prefix
    raise NoReverseMatch(msg)
django.urls.exceptions.NoReverseMatch: Reverse for 'set_language' not found. 'set_language' is not a valid view function or pattern name.
2026-04-25 15:41:27,264 ERROR "GET /news/ HTTP/1.1" 500 197713 D:\Downloads\PyProjects\Module_D_Project\venv\lib\site-packages\django\core\servers\basehttp.py
